<?xml version="1.0" encoding="UTF-8"?>
<testng-results skipped="0" failed="0" total="1" passed="1">
  <reporter-output>
  </reporter-output>
  <suite name="Suite" duration-ms="45315" started-at="2021-03-25T16:18:35Z" finished-at="2021-03-25T16:19:20Z">
    <groups>
      <group name="cucumber">
        <method signature="AbstractTestNGCucumberTests.feature(cucumber.api.testng.CucumberFeatureWrapper)[pri:0, instance:runners.RunCuke@490ab905]" name="feature" class="cucumber.api.testng.AbstractTestNGCucumberTests"/>
      </group> <!-- cucumber -->
    </groups>
    <test name="Test" duration-ms="45315" started-at="2021-03-25T16:18:35Z" finished-at="2021-03-25T16:19:20Z">
      <class name="runners.RunCuke">
        <test-method status="PASS" signature="setUpClass()[pri:0, instance:runners.RunCuke@490ab905]" name="setUpClass" is-config="true" duration-ms="296" started-at="2021-03-25T21:48:35Z" finished-at="2021-03-25T21:48:35Z">
          <reporter-output>
          </reporter-output>
        </test-method> <!-- setUpClass -->
        <test-method status="PASS" signature="setup()[pri:0, instance:runners.RunCuke@490ab905]" name="setup" is-config="true" duration-ms="226" started-at="2021-03-25T21:48:35Z" finished-at="2021-03-25T21:48:35Z">
          <reporter-output>
          </reporter-output>
        </test-method> <!-- setup -->
        <test-method status="PASS" signature="feature(cucumber.api.testng.CucumberFeatureWrapper)[pri:0, instance:runners.RunCuke@490ab905]" name="feature" duration-ms="44573" started-at="2021-03-25T21:48:35Z" description="Runs Cucumber Feature" data-provider="features" finished-at="2021-03-25T21:49:20Z">
          <params>
            <param index="0">
              <value>
                <![CDATA[Checking Link in Website]]>
              </value>
            </param>
          </params>
          <reporter-output>
          </reporter-output>
        </test-method> <!-- feature -->
        <test-method status="PASS" signature="tearDownClass()[pri:0, instance:runners.RunCuke@490ab905]" name="tearDownClass" is-config="true" duration-ms="109" started-at="2021-03-25T21:49:20Z" finished-at="2021-03-25T21:49:20Z">
          <reporter-output>
          </reporter-output>
        </test-method> <!-- tearDownClass -->
      </class> <!-- runners.RunCuke -->
    </test> <!-- Test -->
  </suite> <!-- Suite -->
</testng-results>
